<?xml version="1.0" encoding="UTF-8"?>
<!-- Generated by org.testng.reporters.JUnitXMLReporter -->
<testsuite hostname="Роман-ПК" name="Command line test 3cf7dd75-42a0-4cff-a554-aa0595d50c0a" tests="1" failures="0" timestamp="31 Oct 2015 09:38:44 GMT" time="0.014" errors="0">
  <testcase name="@BeforeClass setUpClass" time="0.0" classname="Tests.TestBlusarBuy">
    <failure type="junit.framework.AssertionFailedError" message="invalid driver name">
      <![CDATA[junit.framework.AssertionFailedError: invalid driver name
	at junit.framework.Assert.fail(Assert.java:47)
	at utils.WebDriverFactory.initDriver(WebDriverFactory.java:51)
	at Tests.Fixture.setUpClass(Fixture.java:19)
... Removed 28 stack frames]]>
    </failure>
  </testcase> <!-- @BeforeClass setUpClass -->
  <testcase name="@AfterClass tearDown" time="0.0" classname="Tests.TestBlusarBuy">
    <skipped/>
  </testcase> <!-- @AfterClass tearDown -->
  <testcase name="testAddtoBasket" time="0.001" classname="Tests.TestBlusarBuy">
    <skipped/>
  </testcase> <!-- testAddtoBasket -->
</testsuite> <!-- Command line test 3cf7dd75-42a0-4cff-a554-aa0595d50c0a -->
