<?xml version="1.0" encoding="UTF-8"?>
<!-- Generated by org.testng.reporters.JUnitXMLReporter -->
<testsuite hostname="Роман-ПК" name="Command line test 78d80dd8-6814-4107-bab4-dd9fe2a60557" tests="1" failures="0" timestamp="31 Oct 2015 09:38:44 GMT" time="0.017" errors="0">
  <testcase name="@BeforeClass setUpClass" time="0.0" classname="Tests.TestRegistration">
    <failure type="junit.framework.AssertionFailedError" message="invalid driver name">
      <![CDATA[junit.framework.AssertionFailedError: invalid driver name
	at junit.framework.Assert.fail(Assert.java:47)
	at utils.WebDriverFactory.initDriver(WebDriverFactory.java:51)
	at Tests.Fixture.setUpClass(Fixture.java:19)
... Removed 28 stack frames]]>
    </failure>
  </testcase> <!-- @BeforeClass setUpClass -->
  <testcase name="@AfterClass tearDown" time="0.0" classname="Tests.TestRegistration">
    <skipped/>
  </testcase> <!-- @AfterClass tearDown -->
  <testcase name="testRegistrationFormInput" time="0.002" classname="Tests.TestRegistration">
    <skipped/>
  </testcase> <!-- testRegistrationFormInput -->
</testsuite> <!-- Command line test 78d80dd8-6814-4107-bab4-dd9fe2a60557 -->
