<?xml version="1.0" encoding="UTF-8"?>
<!-- Generated by org.testng.reporters.JUnitXMLReporter -->
<testsuite hostname="Роман-ПК" name="Command line test 4af7a18e-c2b8-4872-91fb-570a33ea8b8d" tests="1" failures="0" timestamp="31 Oct 2015 09:40:02 GMT" time="0.01" errors="0">
  <testcase name="@BeforeClass setUpClass" time="0.0" classname="Tests.TestRegistration">
    <failure type="junit.framework.AssertionFailedError" message="invalid driver name">
      <![CDATA[junit.framework.AssertionFailedError: invalid driver name
	at junit.framework.Assert.fail(Assert.java:47)
	at utils.WebDriverFactory.initDriver(WebDriverFactory.java:51)
	at Tests.Fixture.setUpClass(Fixture.java:19)
... Removed 28 stack frames]]>
    </failure>
  </testcase> <!-- @BeforeClass setUpClass -->
  <testcase name="@AfterClass tearDown" time="0.0" classname="Tests.TestRegistration">
    <skipped/>
  </testcase> <!-- @AfterClass tearDown -->
  <testcase name="testRegistrationFormInput" time="0.001" classname="Tests.TestRegistration">
    <skipped/>
  </testcase> <!-- testRegistrationFormInput -->
</testsuite> <!-- Command line test 4af7a18e-c2b8-4872-91fb-570a33ea8b8d -->
